  Building 'pi4bdd' with toolset 'WindowsKernelModeDriver10.0' and the 'Universal' target platform.
  Stamping ARM64\Release\pi4bdd.inf
  Stamping [Version] section with DriverVer=05/19/2021,9.21.0000.0000
  BDD.cxx
  BDD_DDI.cxx
  BDD_DMM.cxx
  BDD_Util.cxx
  BltFuncs.cxx
  BltHw.cxx
  mbox.cxx
  memory.cxx
  Generating code
  Finished generating code
  pi4bdd.vcxproj -> C:\Users\Alastair\Documents\GitHub\pi4bdd2\pi4bdd\ARM64\Release\pi4bdd.sys
  Done Adding Additional Store
  Successfully signed: C:\Users\Alastair\Documents\GitHub\pi4bdd2\pi4bdd\ARM64\Release\pi4bdd.sys
  
  Driver is 'Universal'.
  ........................
  Signability test complete.
  
  Errors:
  None
  
  Warnings:
  None
  
  Catalog generation complete.
  C:\Users\Alastair\Documents\GitHub\pi4bdd2\pi4bdd\ARM64\Release\pi4bdd\pi4bdd.cat
  Done Adding Additional Store
  Successfully signed: ARM64\Release\pi4bdd\pi4bdd.cat
  
