  Building 'mboxdrv' with toolset 'WindowsKernelModeDriver10.0' and the 'Universal' target platform.
  Stamping ARM64\Release\mboxdrv.inf
  Stamping [Version] section with DriverVer=06/07/2021,21.13.38.603
  mboxdrv.cxx
  mbox.cxx
  Generating code
  Finished generating code
  mboxdrv.vcxproj -> C:\Users\Alastair\Documents\Visual Studio 2019\Projects\pi4bdd4\mboxdrv2\ARM64\Release\mboxdrv.sys
  Done Adding Additional Store
  Successfully signed: C:\Users\Alastair\Documents\Visual Studio 2019\Projects\pi4bdd4\mboxdrv2\ARM64\Release\mboxdrv.sys
  
  Driver is 'Universal'.
  ........................
  Signability test complete.
  
  Errors:
  None
  
  Warnings:
  None
  
  Catalog generation complete.
  C:\Users\Alastair\Documents\Visual Studio 2019\Projects\pi4bdd4\mboxdrv2\ARM64\Release\mboxdrv\mboxdrv.cat
  Done Adding Additional Store
  Successfully signed: C:\Users\Alastair\Documents\Visual Studio 2019\Projects\pi4bdd4\mboxdrv2\ARM64\Release\mboxdrv\mboxdrv.cat
  
