c:\users\alastair\documents\github\pi4bdd5\kmdod\arm64\debug\vc142.pdb
c:\users\alastair\documents\github\pi4bdd5\kmdod\arm64\debug\memory.obj
c:\users\alastair\documents\github\pi4bdd5\kmdod\arm64\debug\mbox.obj
c:\users\alastair\documents\github\pi4bdd5\kmdod\arm64\debug\blthw.obj
c:\users\alastair\documents\github\pi4bdd5\kmdod\arm64\debug\bltfuncs.obj
c:\users\alastair\documents\github\pi4bdd5\kmdod\arm64\debug\bdd_util.obj
c:\users\alastair\documents\github\pi4bdd5\kmdod\arm64\debug\bdd_dmm.obj
c:\users\alastair\documents\github\pi4bdd5\kmdod\arm64\debug\bdd_ddi.obj
c:\users\alastair\documents\github\pi4bdd5\kmdod\arm64\debug\bdd.obj
c:\users\alastair\documents\github\pi4bdd5\kmdod\arm64\debug\sampledisplay\sampledisplay.cat
c:\users\alastair\documents\github\pi4bdd5\kmdod\arm64\debug\sampledisplay.sys
c:\users\alastair\documents\github\pi4bdd5\kmdod\arm64\debug\sampledisplay.pdb
c:\users\alastair\documents\github\pi4bdd5\kmdod\arm64\debug\sampledisplay.iobj
c:\users\alastair\documents\github\pi4bdd5\kmdod\arm64\debug\sampledisplay.inf
c:\users\alastair\documents\github\pi4bdd5\kmdod\arm64\debug\sampledisplay.tlog\cl.command.1.tlog
c:\users\alastair\documents\github\pi4bdd5\kmdod\arm64\debug\sampledisplay.tlog\cl.read.1.tlog
c:\users\alastair\documents\github\pi4bdd5\kmdod\arm64\debug\sampledisplay.tlog\cl.write.1.tlog
c:\users\alastair\documents\github\pi4bdd5\kmdod\arm64\debug\sampledisplay.tlog\inf2cat-expand.9948.read.1.tlog
c:\users\alastair\documents\github\pi4bdd5\kmdod\arm64\debug\sampledisplay.tlog\inf2cat-expand.9948.write.1.tlog
c:\users\alastair\documents\github\pi4bdd5\kmdod\arm64\debug\sampledisplay.tlog\inf2cat-expand.read.1.tlog
c:\users\alastair\documents\github\pi4bdd5\kmdod\arm64\debug\sampledisplay.tlog\inf2cat-expand.write.1.tlog
c:\users\alastair\documents\github\pi4bdd5\kmdod\arm64\debug\sampledisplay.tlog\inf2cat.command.1.tlog
c:\users\alastair\documents\github\pi4bdd5\kmdod\arm64\debug\sampledisplay.tlog\inf2cat.read.1.tlog
c:\users\alastair\documents\github\pi4bdd5\kmdod\arm64\debug\sampledisplay.tlog\inf2cat.write.1.tlog
c:\users\alastair\documents\github\pi4bdd5\kmdod\arm64\debug\sampledisplay.tlog\link.command.1.tlog
c:\users\alastair\documents\github\pi4bdd5\kmdod\arm64\debug\sampledisplay.tlog\link.read.1.tlog
c:\users\alastair\documents\github\pi4bdd5\kmdod\arm64\debug\sampledisplay.tlog\link.write.1.tlog
c:\users\alastair\documents\github\pi4bdd5\kmdod\arm64\debug\sampledisplay.tlog\sampledisplay.write.1u.tlog
c:\users\alastair\documents\github\pi4bdd5\kmdod\arm64\debug\sampledisplay.tlog\signtool.command.1.tlog
c:\users\alastair\documents\github\pi4bdd5\kmdod\arm64\debug\sampledisplay.tlog\signtool.read.1.tlog
c:\users\alastair\documents\github\pi4bdd5\kmdod\arm64\debug\sampledisplay.tlog\signtool.timestamp.1.tlog
c:\users\alastair\documents\github\pi4bdd5\kmdod\arm64\debug\sampledisplay.tlog\signtool.write.1.tlog
c:\users\alastair\documents\github\pi4bdd5\kmdod\arm64\debug\sampledisplay.tlog\stampinf.command.1.tlog
c:\users\alastair\documents\github\pi4bdd5\kmdod\arm64\debug\sampledisplay.tlog\stampinf.read.1.tlog
c:\users\alastair\documents\github\pi4bdd5\kmdod\arm64\debug\sampledisplay.tlog\stampinf.write.1.tlog
