c:\users\alastair\documents\github\pi4bdd5\kmdod\arm64\release\vc142.pdb
c:\users\alastair\documents\github\pi4bdd5\kmdod\arm64\release\memory.obj
c:\users\alastair\documents\github\pi4bdd5\kmdod\arm64\release\mbox.obj
c:\users\alastair\documents\github\pi4bdd5\kmdod\arm64\release\blthw.obj
c:\users\alastair\documents\github\pi4bdd5\kmdod\arm64\release\bltfuncs.obj
c:\users\alastair\documents\github\pi4bdd5\kmdod\arm64\release\bdd_util.obj
c:\users\alastair\documents\github\pi4bdd5\kmdod\arm64\release\bdd_ddi.obj
c:\users\alastair\documents\github\pi4bdd5\kmdod\arm64\release\bdd.obj
c:\users\alastair\documents\github\pi4bdd5\kmdod\arm64\release\bdd_dmm.obj
c:\users\alastair\documents\github\pi4bdd5\kmdod\arm64\release\sampledisplay\sampledisplay.cat
c:\users\alastair\documents\github\pi4bdd5\kmdod\arm64\release\sampledisplay.sys
c:\users\alastair\documents\github\pi4bdd5\kmdod\arm64\release\sampledisplay.pdb
c:\users\alastair\documents\github\pi4bdd5\kmdod\arm64\release\sampledisplay.iobj
c:\users\alastair\documents\github\pi4bdd5\kmdod\arm64\release\sampledisplay.inf
c:\users\alastair\documents\github\pi4bdd5\kmdod\arm64\release\sampledisplay.tlog\cl.command.1.tlog
c:\users\alastair\documents\github\pi4bdd5\kmdod\arm64\release\sampledisplay.tlog\cl.read.1.tlog
c:\users\alastair\documents\github\pi4bdd5\kmdod\arm64\release\sampledisplay.tlog\cl.write.1.tlog
c:\users\alastair\documents\github\pi4bdd5\kmdod\arm64\release\sampledisplay.tlog\inf2cat-expand.25988.read.1.tlog
c:\users\alastair\documents\github\pi4bdd5\kmdod\arm64\release\sampledisplay.tlog\inf2cat-expand.25988.write.1.tlog
c:\users\alastair\documents\github\pi4bdd5\kmdod\arm64\release\sampledisplay.tlog\inf2cat-expand.read.1.tlog
c:\users\alastair\documents\github\pi4bdd5\kmdod\arm64\release\sampledisplay.tlog\inf2cat-expand.write.1.tlog
c:\users\alastair\documents\github\pi4bdd5\kmdod\arm64\release\sampledisplay.tlog\inf2cat.command.1.tlog
c:\users\alastair\documents\github\pi4bdd5\kmdod\arm64\release\sampledisplay.tlog\inf2cat.read.1.tlog
c:\users\alastair\documents\github\pi4bdd5\kmdod\arm64\release\sampledisplay.tlog\inf2cat.write.1.tlog
c:\users\alastair\documents\github\pi4bdd5\kmdod\arm64\release\sampledisplay.tlog\link.command.1.tlog
c:\users\alastair\documents\github\pi4bdd5\kmdod\arm64\release\sampledisplay.tlog\link.read.1.tlog
c:\users\alastair\documents\github\pi4bdd5\kmdod\arm64\release\sampledisplay.tlog\link.write.1.tlog
c:\users\alastair\documents\github\pi4bdd5\kmdod\arm64\release\sampledisplay.tlog\sampledisplay.write.1u.tlog
c:\users\alastair\documents\github\pi4bdd5\kmdod\arm64\release\sampledisplay.tlog\signtool.command.1.tlog
c:\users\alastair\documents\github\pi4bdd5\kmdod\arm64\release\sampledisplay.tlog\signtool.read.1.tlog
c:\users\alastair\documents\github\pi4bdd5\kmdod\arm64\release\sampledisplay.tlog\signtool.timestamp.1.tlog
c:\users\alastair\documents\github\pi4bdd5\kmdod\arm64\release\sampledisplay.tlog\signtool.write.1.tlog
c:\users\alastair\documents\github\pi4bdd5\kmdod\arm64\release\sampledisplay.tlog\stampinf.command.1.tlog
c:\users\alastair\documents\github\pi4bdd5\kmdod\arm64\release\sampledisplay.tlog\stampinf.read.1.tlog
c:\users\alastair\documents\github\pi4bdd5\kmdod\arm64\release\sampledisplay.tlog\stampinf.write.1.tlog
