  Building 'SampleDisplay' with toolset 'WindowsKernelModeDriver10.0' and the 'Universal' target platform.
  Stamping ARM64\Release\sampledisplay.inf
  Stamping [Version] section with DriverVer=03/20/2021,9.21.0000.0000
  BltHw.cxx
  Generating code
  Finished generating code
  SampleDisplay.vcxproj -> C:\Users\Alastair\Documents\GitHub\pi4bdd\KMDOD\ARM64\Release\SampleDisplay.sys
  Done Adding Additional Store
  Successfully signed: C:\Users\Alastair\Documents\GitHub\pi4bdd\KMDOD\ARM64\Release\SampleDisplay.sys
  
  Driver is 'Universal'.
  .........................
  Signability test complete.
  
  Errors:
  None
  
  Warnings:
  None
  
  Catalog generation complete.
  C:\Users\Alastair\Documents\GitHub\pi4bdd\KMDOD\ARM64\Release\SampleDisplay\sampledisplay.cat
  Done Adding Additional Store
  Successfully signed: ARM64\Release\SampleDisplay\sampledisplay.cat
  
