c:\users\alastair\documents\github\pi4bdd2\pi4bdd\arm64\debug\vc142.pdb
c:\users\alastair\documents\github\pi4bdd2\pi4bdd\arm64\debug\memory.obj
c:\users\alastair\documents\github\pi4bdd2\pi4bdd\arm64\debug\mbox.obj
c:\users\alastair\documents\github\pi4bdd2\pi4bdd\arm64\debug\blthw.obj
c:\users\alastair\documents\github\pi4bdd2\pi4bdd\arm64\debug\bltfuncs.obj
c:\users\alastair\documents\github\pi4bdd2\pi4bdd\arm64\debug\bdd_util.obj
c:\users\alastair\documents\github\pi4bdd2\pi4bdd\arm64\debug\bdd_dmm.obj
c:\users\alastair\documents\github\pi4bdd2\pi4bdd\arm64\debug\bdd_ddi.obj
c:\users\alastair\documents\github\pi4bdd2\pi4bdd\arm64\debug\bdd.obj
c:\users\alastair\documents\github\pi4bdd2\pi4bdd\arm64\debug\pi4bdd\pi4bdd.cat
c:\users\alastair\documents\github\pi4bdd2\pi4bdd\arm64\debug\pi4bdd.sys
c:\users\alastair\documents\github\pi4bdd2\pi4bdd\arm64\debug\pi4bdd.pdb
c:\users\alastair\documents\github\pi4bdd2\pi4bdd\arm64\debug\pi4bdd.iobj
c:\users\alastair\documents\github\pi4bdd2\pi4bdd\arm64\debug\pi4bdd.inf
c:\users\alastair\documents\github\pi4bdd2\pi4bdd\arm64\debug\pi4bdd.tlog\cl.command.1.tlog
c:\users\alastair\documents\github\pi4bdd2\pi4bdd\arm64\debug\pi4bdd.tlog\cl.read.1.tlog
c:\users\alastair\documents\github\pi4bdd2\pi4bdd\arm64\debug\pi4bdd.tlog\cl.write.1.tlog
c:\users\alastair\documents\github\pi4bdd2\pi4bdd\arm64\debug\pi4bdd.tlog\inf2cat-expand.4704.read.1.tlog
c:\users\alastair\documents\github\pi4bdd2\pi4bdd\arm64\debug\pi4bdd.tlog\inf2cat-expand.4704.write.1.tlog
c:\users\alastair\documents\github\pi4bdd2\pi4bdd\arm64\debug\pi4bdd.tlog\inf2cat-expand.read.1.tlog
c:\users\alastair\documents\github\pi4bdd2\pi4bdd\arm64\debug\pi4bdd.tlog\inf2cat-expand.write.1.tlog
c:\users\alastair\documents\github\pi4bdd2\pi4bdd\arm64\debug\pi4bdd.tlog\inf2cat.command.1.tlog
c:\users\alastair\documents\github\pi4bdd2\pi4bdd\arm64\debug\pi4bdd.tlog\inf2cat.read.1.tlog
c:\users\alastair\documents\github\pi4bdd2\pi4bdd\arm64\debug\pi4bdd.tlog\inf2cat.write.1.tlog
c:\users\alastair\documents\github\pi4bdd2\pi4bdd\arm64\debug\pi4bdd.tlog\link.command.1.tlog
c:\users\alastair\documents\github\pi4bdd2\pi4bdd\arm64\debug\pi4bdd.tlog\link.read.1.tlog
c:\users\alastair\documents\github\pi4bdd2\pi4bdd\arm64\debug\pi4bdd.tlog\link.write.1.tlog
c:\users\alastair\documents\github\pi4bdd2\pi4bdd\arm64\debug\pi4bdd.tlog\pi4bdd.write.1u.tlog
c:\users\alastair\documents\github\pi4bdd2\pi4bdd\arm64\debug\pi4bdd.tlog\signtool.command.1.tlog
c:\users\alastair\documents\github\pi4bdd2\pi4bdd\arm64\debug\pi4bdd.tlog\signtool.read.1.tlog
c:\users\alastair\documents\github\pi4bdd2\pi4bdd\arm64\debug\pi4bdd.tlog\signtool.timestamp.1.tlog
c:\users\alastair\documents\github\pi4bdd2\pi4bdd\arm64\debug\pi4bdd.tlog\signtool.write.1.tlog
c:\users\alastair\documents\github\pi4bdd2\pi4bdd\arm64\debug\pi4bdd.tlog\stampinf.command.1.tlog
c:\users\alastair\documents\github\pi4bdd2\pi4bdd\arm64\debug\pi4bdd.tlog\stampinf.read.1.tlog
c:\users\alastair\documents\github\pi4bdd2\pi4bdd\arm64\debug\pi4bdd.tlog\stampinf.write.1.tlog
