c:\users\alastair\documents\visual studio 2019\projects\pi4bdd4\mboxdrv2\arm64\debug\vc142.pdb
c:\users\alastair\documents\visual studio 2019\projects\pi4bdd4\mboxdrv2\arm64\debug\mbox.obj
c:\users\alastair\documents\visual studio 2019\projects\pi4bdd4\mboxdrv2\arm64\debug\mboxdrv.obj
c:\users\alastair\documents\visual studio 2019\projects\pi4bdd4\mboxdrv2\arm64\debug\mboxdrv\mboxdrv.cat
c:\users\alastair\documents\visual studio 2019\projects\pi4bdd4\mboxdrv2\arm64\debug\mboxdrv.sys
c:\users\alastair\documents\visual studio 2019\projects\pi4bdd4\mboxdrv2\arm64\debug\mboxdrv.pdb
c:\users\alastair\documents\visual studio 2019\projects\pi4bdd4\mboxdrv2\arm64\debug\mboxdrv.iobj
c:\users\alastair\documents\visual studio 2019\projects\pi4bdd4\mboxdrv2\arm64\debug\mboxdrv.inf
c:\users\alastair\documents\visual studio 2019\projects\pi4bdd4\mboxdrv2\arm64\debug\mboxdrv.cer
c:\users\alastair\documents\visual studio 2019\projects\pi4bdd4\mboxdrv2\arm64\debug\mboxdrv.tlog\cl.command.1.tlog
c:\users\alastair\documents\visual studio 2019\projects\pi4bdd4\mboxdrv2\arm64\debug\mboxdrv.tlog\cl.read.1.tlog
c:\users\alastair\documents\visual studio 2019\projects\pi4bdd4\mboxdrv2\arm64\debug\mboxdrv.tlog\cl.write.1.tlog
c:\users\alastair\documents\visual studio 2019\projects\pi4bdd4\mboxdrv2\arm64\debug\mboxdrv.tlog\inf2cat-expand.13268.read.1.tlog
c:\users\alastair\documents\visual studio 2019\projects\pi4bdd4\mboxdrv2\arm64\debug\mboxdrv.tlog\inf2cat-expand.13268.write.1.tlog
c:\users\alastair\documents\visual studio 2019\projects\pi4bdd4\mboxdrv2\arm64\debug\mboxdrv.tlog\inf2cat-expand.16060.read.1.tlog
c:\users\alastair\documents\visual studio 2019\projects\pi4bdd4\mboxdrv2\arm64\debug\mboxdrv.tlog\inf2cat-expand.16060.write.1.tlog
c:\users\alastair\documents\visual studio 2019\projects\pi4bdd4\mboxdrv2\arm64\debug\mboxdrv.tlog\inf2cat-expand.19696.read.1.tlog
c:\users\alastair\documents\visual studio 2019\projects\pi4bdd4\mboxdrv2\arm64\debug\mboxdrv.tlog\inf2cat-expand.19696.write.1.tlog
c:\users\alastair\documents\visual studio 2019\projects\pi4bdd4\mboxdrv2\arm64\debug\mboxdrv.tlog\inf2cat-expand.read.1.tlog
c:\users\alastair\documents\visual studio 2019\projects\pi4bdd4\mboxdrv2\arm64\debug\mboxdrv.tlog\inf2cat-expand.write.1.tlog
c:\users\alastair\documents\visual studio 2019\projects\pi4bdd4\mboxdrv2\arm64\debug\mboxdrv.tlog\inf2cat.command.1.tlog
c:\users\alastair\documents\visual studio 2019\projects\pi4bdd4\mboxdrv2\arm64\debug\mboxdrv.tlog\inf2cat.read.1.tlog
c:\users\alastair\documents\visual studio 2019\projects\pi4bdd4\mboxdrv2\arm64\debug\mboxdrv.tlog\inf2cat.write.1.tlog
c:\users\alastair\documents\visual studio 2019\projects\pi4bdd4\mboxdrv2\arm64\debug\mboxdrv.tlog\link.command.1.tlog
c:\users\alastair\documents\visual studio 2019\projects\pi4bdd4\mboxdrv2\arm64\debug\mboxdrv.tlog\link.read.1.tlog
c:\users\alastair\documents\visual studio 2019\projects\pi4bdd4\mboxdrv2\arm64\debug\mboxdrv.tlog\link.write.1.tlog
c:\users\alastair\documents\visual studio 2019\projects\pi4bdd4\mboxdrv2\arm64\debug\mboxdrv.tlog\mboxdrv.write.1u.tlog
c:\users\alastair\documents\visual studio 2019\projects\pi4bdd4\mboxdrv2\arm64\debug\mboxdrv.tlog\signtool.command.1.tlog
c:\users\alastair\documents\visual studio 2019\projects\pi4bdd4\mboxdrv2\arm64\debug\mboxdrv.tlog\signtool.read.1.tlog
c:\users\alastair\documents\visual studio 2019\projects\pi4bdd4\mboxdrv2\arm64\debug\mboxdrv.tlog\signtool.timestamp.1.tlog
c:\users\alastair\documents\visual studio 2019\projects\pi4bdd4\mboxdrv2\arm64\debug\mboxdrv.tlog\signtool.write.1.tlog
c:\users\alastair\documents\visual studio 2019\projects\pi4bdd4\mboxdrv2\arm64\debug\mboxdrv.tlog\stampinf.command.1.tlog
c:\users\alastair\documents\visual studio 2019\projects\pi4bdd4\mboxdrv2\arm64\debug\mboxdrv.tlog\stampinf.read.1.tlog
c:\users\alastair\documents\visual studio 2019\projects\pi4bdd4\mboxdrv2\arm64\debug\mboxdrv.tlog\stampinf.write.1.tlog
