c:\users\alastair\documents\github\pi4bdd2\mboxdrv\arm64\release\vc142.pdb
c:\users\alastair\documents\github\pi4bdd2\mboxdrv\arm64\release\mbox.obj
c:\users\alastair\documents\github\pi4bdd2\mboxdrv\arm64\release\mboxdrv.obj
c:\users\alastair\documents\github\pi4bdd2\mboxdrv\arm64\release\mboxdrv\mboxdrv.cat
c:\users\alastair\documents\github\pi4bdd2\mboxdrv\arm64\release\mboxdrv.sys
c:\users\alastair\documents\github\pi4bdd2\mboxdrv\arm64\release\mboxdrv.pdb
c:\users\alastair\documents\github\pi4bdd2\mboxdrv\arm64\release\mboxdrv.iobj
c:\users\alastair\documents\github\pi4bdd2\mboxdrv\arm64\release\mboxdrv.inf
c:\users\alastair\documents\github\pi4bdd2\mboxdrv\arm64\release\mboxdrv.cer
c:\users\alastair\documents\github\pi4bdd2\mboxdrv\arm64\release\mboxdrv.tlog\cl.command.1.tlog
c:\users\alastair\documents\github\pi4bdd2\mboxdrv\arm64\release\mboxdrv.tlog\cl.read.1.tlog
c:\users\alastair\documents\github\pi4bdd2\mboxdrv\arm64\release\mboxdrv.tlog\cl.write.1.tlog
c:\users\alastair\documents\github\pi4bdd2\mboxdrv\arm64\release\mboxdrv.tlog\inf2cat-expand.18888.read.1.tlog
c:\users\alastair\documents\github\pi4bdd2\mboxdrv\arm64\release\mboxdrv.tlog\inf2cat-expand.18888.write.1.tlog
c:\users\alastair\documents\github\pi4bdd2\mboxdrv\arm64\release\mboxdrv.tlog\inf2cat-expand.read.1.tlog
c:\users\alastair\documents\github\pi4bdd2\mboxdrv\arm64\release\mboxdrv.tlog\inf2cat-expand.write.1.tlog
c:\users\alastair\documents\github\pi4bdd2\mboxdrv\arm64\release\mboxdrv.tlog\inf2cat.command.1.tlog
c:\users\alastair\documents\github\pi4bdd2\mboxdrv\arm64\release\mboxdrv.tlog\inf2cat.read.1.tlog
c:\users\alastair\documents\github\pi4bdd2\mboxdrv\arm64\release\mboxdrv.tlog\inf2cat.write.1.tlog
c:\users\alastair\documents\github\pi4bdd2\mboxdrv\arm64\release\mboxdrv.tlog\link.command.1.tlog
c:\users\alastair\documents\github\pi4bdd2\mboxdrv\arm64\release\mboxdrv.tlog\link.read.1.tlog
c:\users\alastair\documents\github\pi4bdd2\mboxdrv\arm64\release\mboxdrv.tlog\link.write.1.tlog
c:\users\alastair\documents\github\pi4bdd2\mboxdrv\arm64\release\mboxdrv.tlog\mboxdrv.write.1u.tlog
c:\users\alastair\documents\github\pi4bdd2\mboxdrv\arm64\release\mboxdrv.tlog\signtool.command.1.tlog
c:\users\alastair\documents\github\pi4bdd2\mboxdrv\arm64\release\mboxdrv.tlog\signtool.read.1.tlog
c:\users\alastair\documents\github\pi4bdd2\mboxdrv\arm64\release\mboxdrv.tlog\signtool.timestamp.1.tlog
c:\users\alastair\documents\github\pi4bdd2\mboxdrv\arm64\release\mboxdrv.tlog\signtool.write.1.tlog
c:\users\alastair\documents\github\pi4bdd2\mboxdrv\arm64\release\mboxdrv.tlog\stampinf.command.1.tlog
c:\users\alastair\documents\github\pi4bdd2\mboxdrv\arm64\release\mboxdrv.tlog\stampinf.read.1.tlog
c:\users\alastair\documents\github\pi4bdd2\mboxdrv\arm64\release\mboxdrv.tlog\stampinf.write.1.tlog
